0 info it worked if it ends with ok
1 verbose cli [ '/usr/bin/node', '/usr/bin/npm', 'install', 'supervise' ]
2 info using npm@1.2.18
3 info using node@v0.10.5
4 verbose node symlink /usr/bin/node
5 verbose read json /home/game/ws/package.json
6 warn package.json application-name@0.0.1 No README.md file found!
7 verbose read json /home/game/ws/node_modules/buffer-crc32/package.json
8 verbose read json /home/game/ws/node_modules/connect/package.json
9 verbose read json /home/game/ws/node_modules/debug/package.json
10 verbose read json /home/game/ws/node_modules/express/package.json
11 verbose read json /home/game/ws/node_modules/fresh/package.json
12 verbose read json /home/game/ws/node_modules/jade/package.json
13 verbose read json /home/game/ws/node_modules/methods/package.json
14 verbose read json /home/game/ws/node_modules/range-parser/package.json
15 verbose read json /home/game/ws/node_modules/socket.io/package.json
16 verbose from cache /home/game/ws/package.json
17 verbose readDependencies using package.json deps
18 verbose cache add [ 'supervise', null ]
19 verbose cache add name=undefined spec="supervise" args=["supervise",null]
20 verbose parsed url { protocol: null,
20 verbose parsed url   slashes: null,
20 verbose parsed url   auth: null,
20 verbose parsed url   host: null,
20 verbose parsed url   port: null,
20 verbose parsed url   hostname: null,
20 verbose parsed url   hash: null,
20 verbose parsed url   search: null,
20 verbose parsed url   query: null,
20 verbose parsed url   pathname: 'supervise',
20 verbose parsed url   path: 'supervise',
20 verbose parsed url   href: 'supervise' }
21 silly lockFile a25f3fc1-supervise supervise
22 verbose lock supervise /home/maeth/.npm/a25f3fc1-supervise.lock
23 silly lockFile a25f3fc1-supervise supervise
24 silly lockFile a25f3fc1-supervise supervise
25 verbose addNamed [ 'supervise', '' ]
26 verbose addNamed [ null, '' ]
27 silly lockFile a684eda2-supervise supervise@
28 verbose lock supervise@ /home/maeth/.npm/a684eda2-supervise.lock
29 silly addNameRange { name: 'supervise', range: '', hasData: false }
30 verbose url raw supervise
31 verbose url resolving [ 'https://registry.npmjs.org/', './supervise' ]
32 verbose url resolved https://registry.npmjs.org/supervise
33 info trying registry request attempt 1 at 19:54:42
34 http GET https://registry.npmjs.org/supervise
35 http 404 https://registry.npmjs.org/supervise
36 silly registry.get cb [ 404,
36 silly registry.get   { server: 'CouchDB/1.3.0 (Erlang OTP/R15B03)',
36 silly registry.get     date: 'Sun, 28 Apr 2013 23:54:45 GMT',
36 silly registry.get     'content-type': 'application/json',
36 silly registry.get     'content-length': '52',
36 silly registry.get     'cache-control': 'must-revalidate' } ]
37 silly lockFile a684eda2-supervise supervise@
38 silly lockFile a684eda2-supervise supervise@
39 error 404 'supervise' is not in the npm registry.
39 error 404 You should bug the author to publish it
39 error 404
39 error 404 Note that you can also install from a
39 error 404 tarball, folder, or http url, or git url.
40 error System Linux 3.5.0-17-generic
41 error command "/usr/bin/node" "/usr/bin/npm" "install" "supervise"
42 error cwd /home/game/ws
43 error node -v v0.10.5
44 error npm -v 1.2.18
45 error code E404
46 verbose exit [ 1, true ]
